This is pdfTeXk, Version 3.141592-1.40.3 (Web2C 7.5.6) (format=pdflatex 2012.11.30)  14 MAR 2013 00:54
entering extended mode
 %&-line parsing enabled.
**comp_hw2.tex
(./comp_hw2.tex
LaTeX2e <2005/12/01>
Babel <v3.8h> and hyphenation patterns for english, usenglishmax, dumylang, noh
yphenation, arabic, basque, bulgarian, coptic, welsh, czech, slovak, german, ng
erman, danish, esperanto, spanish, catalan, galician, estonian, farsi, finnish,
 french, greek, monogreek, ancientgreek, croatian, hungarian, interlingua, ibyc
us, indonesian, icelandic, italian, latin, mongolian, dutch, norsk, polish, por
tuguese, pinyin, romanian, russian, slovenian, uppersorbian, serbian, swedish, 
turkish, ukenglish, ukrainian, loaded.
(/usr/share/texmf/tex/latex/base/article.cls
Document Class: article 2005/09/16 v1.4f Standard LaTeX document class
(/usr/share/texmf/tex/latex/base/size11.clo
File: size11.clo 2005/09/16 v1.4f Standard LaTeX file (size option)
)
\c@part=\count79
\c@section=\count80
\c@subsection=\count81
\c@subsubsection=\count82
\c@paragraph=\count83
\c@subparagraph=\count84
\c@figure=\count85
\c@table=\count86
\abovecaptionskip=\skip41
\belowcaptionskip=\skip42
\bibindent=\dimen102
)
(/usr/share/texmf/tex/latex/graphics/epsfig.sty
Package: epsfig 1999/02/16 v1.7a (e)psfig emulation (SPQR)

(/usr/share/texmf/tex/latex/graphics/graphicx.sty
Package: graphicx 1999/02/16 v1.0f Enhanced LaTeX Graphics (DPC,SPQR)

(/usr/share/texmf/tex/latex/graphics/keyval.sty
Package: keyval 1999/03/16 v1.13 key=value parser (DPC)
\KV@toks@=\toks14
)
(/usr/share/texmf/tex/latex/graphics/graphics.sty
Package: graphics 2006/02/20 v1.0o Standard LaTeX Graphics (DPC,SPQR)

(/usr/share/texmf/tex/latex/graphics/trig.sty
Package: trig 1999/03/16 v1.09 sin cos tan (DPC)
)
(/usr/share/texmf/tex/latex/config/graphics.cfg
File: graphics.cfg 2007/01/18 v1.5 graphics configuration of teTeX/TeXLive
)
Package graphics Info: Driver file: pdftex.def on input line 90.

(/usr/share/texmf/tex/latex/pdftex-def/pdftex.def
File: pdftex.def 2007/01/08 v0.04d Graphics/color for pdfTeX
\Gread@gobject=\count87
))
\Gin@req@height=\dimen103
\Gin@req@width=\dimen104
)
\epsfxsize=\dimen105
\epsfysize=\dimen106
)
(/usr/share/texmf/tex/latex/graphics/color.sty
Package: color 2005/11/14 v1.0j Standard LaTeX Color (DPC)

(/usr/share/texmf/tex/latex/config/color.cfg
File: color.cfg 2007/01/18 v1.5 color configuration of teTeX/TeXLive
)
Package color Info: Driver file: pdftex.def on input line 130.
)
(/usr/share/texmf/tex/latex/amsmath/amsmath.sty
Package: amsmath 2000/07/18 v2.13 AMS math features
\@mathmargin=\skip43

For additional information on amsmath, use the `?' option.
(/usr/share/texmf/tex/latex/amsmath/amstext.sty
Package: amstext 2000/06/29 v2.01

(/usr/share/texmf/tex/latex/amsmath/amsgen.sty
File: amsgen.sty 1999/11/30 v2.0
\@emptytoks=\toks15
\ex@=\dimen107
))
(/usr/share/texmf/tex/latex/amsmath/amsbsy.sty
Package: amsbsy 1999/11/29 v1.2d
\pmbraise@=\dimen108
)
(/usr/share/texmf/tex/latex/amsmath/amsopn.sty
Package: amsopn 1999/12/14 v2.01 operator names
)
\inf@bad=\count88
LaTeX Info: Redefining \frac on input line 211.
\uproot@=\count89
\leftroot@=\count90
LaTeX Info: Redefining \overline on input line 307.
\classnum@=\count91
\DOTSCASE@=\count92
LaTeX Info: Redefining \ldots on input line 379.
LaTeX Info: Redefining \dots on input line 382.
LaTeX Info: Redefining \cdots on input line 467.
\Mathstrutbox@=\box26
\strutbox@=\box27
\big@size=\dimen109
LaTeX Font Info:    Redeclaring font encoding OML on input line 567.
LaTeX Font Info:    Redeclaring font encoding OMS on input line 568.
\macc@depth=\count93
\c@MaxMatrixCols=\count94
\dotsspace@=\muskip10
\c@parentequation=\count95
\dspbrk@lvl=\count96
\tag@help=\toks16
\row@=\count97
\column@=\count98
\maxfields@=\count99
\andhelp@=\toks17
\eqnshift@=\dimen110
\alignsep@=\dimen111
\tagshift@=\dimen112
\tagwidth@=\dimen113
\totwidth@=\dimen114
\lineht@=\dimen115
\@envbody=\toks18
\multlinegap=\skip44
\multlinetaggap=\skip45
\mathdisplay@stack=\toks19
LaTeX Info: Redefining \[ on input line 2666.
LaTeX Info: Redefining \] on input line 2667.
)
(/usr/share/texmf/tex/latex/tools/verbatim.sty
Package: verbatim 2003/08/22 v1.5q LaTeX2e package for verbatim enhancements
\every@verbatim=\toks20
\verbatim@line=\toks21
\verbatim@in@stream=\read1
)
(/usr/share/texmf/tex/latex/hyperref/hyperref.sty
Package: hyperref 2007/02/07 v6.75r Hypertext links for LaTeX
\@linkdim=\dimen116
\Hy@linkcounter=\count100
\Hy@pagecounter=\count101

(/usr/share/texmf/tex/latex/hyperref/pd1enc.def
File: pd1enc.def 2007/02/07 v6.75r Hyperref: PDFDocEncoding definition (HO)
)
(/usr/share/texmf/tex/latex/config/hyperref.cfg
File: hyperref.cfg 2002/06/06 v1.2 hyperref configuration of TeXLive
)
(/usr/share/texmf/tex/latex/oberdiek/kvoptions.sty
Package: kvoptions 2006/08/22 v2.4 Connects package keyval with LaTeX options (
HO)
)
Package hyperref Info: Hyper figures OFF on input line 2288.
Package hyperref Info: Link nesting OFF on input line 2293.
Package hyperref Info: Hyper index ON on input line 2296.
Package hyperref Info: Plain pages OFF on input line 2303.
Package hyperref Info: Backreferencing OFF on input line 2308.

Implicit mode ON; LaTeX internals redefined
Package hyperref Info: Bookmarks ON on input line 2444.
(/usr/share/texmf/tex/latex/ltxmisc/url.sty
\Urlmuskip=\muskip11
Package: url 2005/06/27  ver 3.2  Verb mode for urls, etc.
)
LaTeX Info: Redefining \url on input line 2599.
\Fld@menulength=\count102
\Field@Width=\dimen117
\Fld@charsize=\dimen118
\Choice@toks=\toks22
\Field@toks=\toks23
Package hyperref Info: Hyper figures OFF on input line 3102.
Package hyperref Info: Link nesting OFF on input line 3107.
Package hyperref Info: Hyper index ON on input line 3110.
Package hyperref Info: backreferencing OFF on input line 3117.
Package hyperref Info: Link coloring OFF on input line 3122.
\Hy@abspage=\count103
\c@Item=\count104
\c@Hfootnote=\count105
)
*hyperref using default driver hpdftex*
(/usr/share/texmf/tex/latex/hyperref/hpdftex.def
File: hpdftex.def 2007/02/07 v6.75r Hyperref driver for pdfTeX
\Fld@listcount=\count106
)
(/usr/share/texmf/tex/latex/amsfonts/amssymb.sty
Package: amssymb 2002/01/22 v2.2d

(/usr/share/texmf/tex/latex/amsfonts/amsfonts.sty
Package: amsfonts 2001/10/25 v2.2f
\symAMSa=\mathgroup4
\symAMSb=\mathgroup5
LaTeX Font Info:    Overwriting math alphabet `\mathfrak' in version `bold'
(Font)                  U/euf/m/n --> U/euf/b/n on input line 132.
))
(/usr/share/texmf/tex/latex/base/latexsym.sty
Package: latexsym 1998/08/17 v2.2e Standard LaTeX package (lasy symbols)
\symlasy=\mathgroup6
LaTeX Font Info:    Overwriting symbol font `lasy' in version `bold'
(Font)                  U/lasy/m/n --> U/lasy/b/n on input line 47.
)
(/usr/share/texmf/tex/latex/base/makeidx.sty
Package: makeidx 2000/03/29 v1.0m Standard LaTeX package
) (./comp_hw2.aux)
\openout1 = `comp_hw2.aux'.

LaTeX Font Info:    Checking defaults for OML/cmm/m/it on input line 28.
LaTeX Font Info:    ... okay on input line 28.
LaTeX Font Info:    Checking defaults for T1/cmr/m/n on input line 28.
LaTeX Font Info:    ... okay on input line 28.
LaTeX Font Info:    Checking defaults for OT1/cmr/m/n on input line 28.
LaTeX Font Info:    ... okay on input line 28.
LaTeX Font Info:    Checking defaults for OMS/cmsy/m/n on input line 28.
LaTeX Font Info:    ... okay on input line 28.
LaTeX Font Info:    Checking defaults for OMX/cmex/m/n on input line 28.
LaTeX Font Info:    ... okay on input line 28.
LaTeX Font Info:    Checking defaults for U/cmr/m/n on input line 28.
LaTeX Font Info:    ... okay on input line 28.
LaTeX Font Info:    Checking defaults for PD1/pdf/m/n on input line 28.
LaTeX Font Info:    ... okay on input line 28.
Package hyperref Info: Link coloring OFF on input line 28.

(/usr/share/texmf/tex/latex/hyperref/nameref.sty
Package: nameref 2006/12/27 v2.28 Cross-referencing by name of section

(/usr/share/texmf/tex/latex/oberdiek/refcount.sty
Package: refcount 2006/02/20 v3.0 Data extraction from references (HO)
)
\c@section@level=\count107
)
LaTeX Info: Redefining \ref on input line 28.
LaTeX Info: Redefining \pageref on input line 28.
 (./comp_hw2.out)
(./comp_hw2.out)
\@outlinefile=\write3
\openout3 = `comp_hw2.out'.

LaTeX Font Info:    Try loading font information for U+msa on input line 30.
 (/usr/share/texmf/tex/latex/amsfonts/umsa.fd
File: umsa.fd 2002/01/19 v2.2g AMS font definitions
)
LaTeX Font Info:    Try loading font information for U+msb on input line 30.

(/usr/share/texmf/tex/latex/amsfonts/umsb.fd
File: umsb.fd 2002/01/19 v2.2g AMS font definitions
)
LaTeX Font Info:    Try loading font information for U+lasy on input line 30.

(/usr/share/texmf/tex/latex/base/ulasy.fd
File: ulasy.fd 1998/08/17 v2.2e LaTeX symbol font definitions
)
LaTeX Font Info:    Try loading font information for OMS+cmr on input line 39.

(/usr/share/texmf/tex/latex/base/omscmr.fd
File: omscmr.fd 1999/05/25 v2.5h Standard LaTeX font definitions
)
LaTeX Font Info:    Font shape `OMS/cmr/m/n' in size <10.95> not available
(Font)              Font shape `OMS/cmsy/m/n' tried instead on input line 39.

Overfull \hbox (27.31421pt too wide) detected at line 55
[]\OML/cmm/m/it/10.95 v \OT1/cmr/m/n/10.95 = [] [] [][]\OML/cmm/m/it/10.95 v[] 
\OMS/cmsy/m/n/10.95 ^^@ \OML/cmm/m/it/10.95 v[][] \OMS/cmsy/m/n/10.95 ^^@ []\OM
L/cmm/m/it/10.95 s[] \OMS/cmsy/m/n/10.95 ^^@ \OML/cmm/m/it/10.95 s[][][][] \OT1
/cmr/m/n/10.95 + [] [][]\OML/cmm/m/it/10.95 v[] \OMS/cmsy/m/n/10.95 ^^@ \OML/cm
m/m/it/10.95 t[][] \OMS/cmsy/m/n/10.95 ^^@ []\OML/cmm/m/it/10.95 s[] \OMS/cmsy/
m/n/10.95 ^^@ \OML/cmm/m/it/10.95 s[][][][]:
 []

[1

{/usr/share/texmf/fonts/map/pdftex/updmap/pdftex.map}] [2]
<results_poisson/set1/im1.png, id=52, 280.04625pt x 346.29375pt>
File: results_poisson/set1/im1.png Graphic file (type png)

<use results_poisson/set1/im1.png>
<results_poisson/set1/im2.png, id=53, 261.97874pt x 346.29375pt>
File: results_poisson/set1/im2.png Graphic file (type png)

<use results_poisson/set1/im2.png>
<results_poisson/set1/im3.png, id=54, 260.47313pt x 346.29375pt>
File: results_poisson/set1/im3.png Graphic file (type png)

<use results_poisson/set1/im3.png>
<results_poisson/set1/im4.png, id=55, 261.22594pt x 346.29375pt>
File: results_poisson/set1/im4.png Graphic file (type png)

<use results_poisson/set1/im4.png>
<results_poisson/set1/im5.png, id=56, 260.47313pt x 346.29375pt>
File: results_poisson/set1/im5.png Graphic file (type png)

<use results_poisson/set1/im5.png>
<results_poisson/set1/im6.png, id=57, 258.9675pt x 346.29375pt>
File: results_poisson/set1/im6.png Graphic file (type png)

<use results_poisson/set1/im6.png>
<results_poisson/set4/im1.jpg, id=58, 602.25pt x 451.6875pt>
File: results_poisson/set4/im1.jpg Graphic file (type jpg)

<use results_poisson/set4/im1.jpg>
<results_poisson/set4/im2.jpg, id=59, 1156.32pt x 844.1136pt>
File: results_poisson/set4/im2.jpg Graphic file (type jpg)

<use results_poisson/set4/im2.jpg>
<results_poisson/set4/im4.png, id=60, 326.72063pt x 239.39438pt>
File: results_poisson/set4/im4.png Graphic file (type png)

<use results_poisson/set4/im4.png>
<results_poisson/set4/im5.png, id=61, 451.6875pt x 329.73187pt>
File: results_poisson/set4/im5.png Graphic file (type png)

<use results_poisson/set4/im5.png>
<results_poisson/set2/im1.jpg, id=62, 545.03625pt x 726.715pt>
File: results_poisson/set2/im1.jpg Graphic file (type jpg)

<use results_poisson/set2/im1.jpg>
<results_poisson/set2/im2.jpg, id=63, 967.615pt x 704.6325pt>
File: results_poisson/set2/im2.jpg Graphic file (type jpg)

<use results_poisson/set2/im2.jpg>
<results_poisson/set2/im4.png, id=64, 325.96782pt x 239.39438pt>
File: results_poisson/set2/im4.png Graphic file (type png)

<use results_poisson/set2/im4.png>
<results_poisson/set2/im5.png, id=65, 362.85562pt x 264.23718pt>
File: results_poisson/set2/im5.png Graphic file (type png)

<use results_poisson/set2/im5.png>
<results_poisson/set5/im1.jpg, id=66, 1545.775pt x 923.45pt>
File: results_poisson/set5/im1.jpg Graphic file (type jpg)

<use results_poisson/set5/im1.jpg>
<results_poisson/set5/im2.jpg, id=67, 602.25pt x 404.51125pt>
File: results_poisson/set5/im2.jpg Graphic file (type jpg)

<use results_poisson/set5/im2.jpg>
<results_poisson/set5/im4.png, id=68, 327.47343pt x 219.82124pt>
File: results_poisson/set5/im4.png Graphic file (type png)

<use results_poisson/set5/im4.png>
<results_poisson/set5/im5.png, id=69, 361.35pt x 242.40562pt>
File: results_poisson/set5/im5.png Graphic file (type png)

<use results_poisson/set5/im5.png> [3] [4]
Overfull \hbox (56.76645pt too wide) in paragraph at lines 201--202
[]\OT1/cmr/m/it/10.95 Tamara Berg's Class\OT1/cmr/m/n/10.95 , \OT1/cmr/m/it/10.
95 http://www.tamaraberg.com/teaching/Spring13/compphotog/3 
 []

[5] [6 <./results_poisson/set1/im1.png (PNG copy)> <./results_poisson/set1/im2.
png (PNG copy)> <./results_poisson/set1/im3.png (PNG copy)> <./results_poisson/
set1/im4.png (PNG copy)> <./results_poisson/set1/im5.png (PNG copy)> <./results
_poisson/set1/im6.png (PNG copy)>] [7 <./results_poisson/set4/im1.jpg> <./resul
ts_poisson/set4/im2.jpg> <./results_poisson/set4/im4.png (PNG copy)> <./results
_poisson/set4/im5.png (PNG copy)>] [8 <./results_poisson/set2/im1.jpg> <./resul
ts_poisson/set2/im2.jpg> <./results_poisson/set2/im4.png (PNG copy)> <./results
_poisson/set2/im5.png (PNG copy)>] [9 <./results_poisson/set5/im1.jpg> <./resul
ts_poisson/set5/im2.jpg> <./results_poisson/set5/im4.png (PNG copy)> <./results
_poisson/set5/im5.png (PNG copy)>] (./comp_hw2.aux) ) 
Here is how much of TeX's memory you used:
 3601 strings out of 256216
 48813 string characters out of 1917071
 106489 words of memory out of 1500000
 6804 multiletter control sequences out of 10000+200000
 11992 words of font info for 48 fonts, out of 1200000 for 2000
 645 hyphenation exceptions out of 8191
 32i,7n,36p,608b,366s stack positions out of 5000i,500n,6000p,200000b,15000s
</usr/share/texmf/fonts/ty
pe1/bluesky/cm/cmbx12.pfb></usr/share/texmf/fonts/type1/bluesky/cm/cmex10.pfb><
/usr/share/texmf/fonts/type1/bluesky/cm/cmmi10.pfb></usr/share/texmf/fonts/type
1/bluesky/cm/cmmi6.pfb></usr/share/texmf/fonts/type1/bluesky/cm/cmmi8.pfb></usr
/share/texmf/fonts/type1/bluesky/cm/cmr10.pfb></usr/share/texmf/fonts/type1/blu
esky/cm/cmr12.pfb></usr/share/texmf/fonts/type1/bluesky/cm/cmr17.pfb></usr/shar
e/texmf/fonts/type1/bluesky/cm/cmr8.pfb></usr/share/texmf/fonts/type1/bluesky/c
m/cmsy10.pfb></usr/share/texmf/fonts/type1/bluesky/cm/cmsy8.pfb></usr/share/tex
mf/fonts/type1/bluesky/cm/cmti10.pfb></usr/share/texmf/fonts/type1/bluesky/cm/c
mtt12.pfb>
Output written on comp_hw2.pdf (9 pages, 3108725 bytes).
PDF statistics:
 162 PDF objects out of 1000 (max. 8388607)
 28 named destinations out of 1000 (max. 131072)
 123 words of extra memory for PDF output out of 10000 (max. 10000000)

